{"name":"testPost","status":"broken","statusDetails":{"known":false,"muted":false,"flaky":false,"message":"Illegal character in path at index 18: https://reqres.in/{mpath1}/users?page=2","trace":"java.lang.IllegalArgumentException: Illegal character in path at index 18: https://reqres.in/{mpath1}/users?page=2\r\n\tat java.net.URI.create(URI.java:852)\r\n\tat org.apache.http.client.methods.HttpPost.<init>(HttpPost.java:73)\r\n\tat com.github.fullautomation.client.ApiClient.httpExecute(ApiClient.java:80)\r\n\tat com.github.fullautomation.client.ApiClient.httpExecute(ApiClient.java:197)\r\n\tat com.github.fullautomation.apitest.ApiClientTest.testPost(ApiClientTest.java:42)\r\n\tat sun.reflect.NativeMethodAccessorImpl.invoke0(Native Method)\r\n\tat sun.reflect.NativeMethodAccessorImpl.invoke(NativeMethodAccessorImpl.java:62)\r\n\tat sun.reflect.DelegatingMethodAccessorImpl.invoke(DelegatingMethodAccessorImpl.java:43)\r\n\tat java.lang.reflect.Method.invoke(Method.java:498)\r\n\tat org.testng.internal.MethodInvocationHelper.invokeMethod(MethodInvocationHelper.java:124)\r\n\tat org.testng.internal.Invoker.invokeMethod(Invoker.java:583)\r\n\tat org.testng.internal.Invoker.invokeTestMethod(Invoker.java:719)\r\n\tat org.testng.internal.Invoker.invokeTestMethods(Invoker.java:989)\r\n\tat org.testng.internal.TestMethodWorker.invokeTestMethods(TestMethodWorker.java:125)\r\n\tat org.testng.internal.TestMethodWorker.run(TestMethodWorker.java:109)\r\n\tat org.testng.TestRunner.privateRun(TestRunner.java:648)\r\n\tat org.testng.TestRunner.run(TestRunner.java:505)\r\n\tat org.testng.SuiteRunner.runTest(SuiteRunner.java:455)\r\n\tat org.testng.SuiteRunner.runSequentially(SuiteRunner.java:450)\r\n\tat org.testng.SuiteRunner.privateRun(SuiteRunner.java:415)\r\n\tat org.testng.SuiteRunner.run(SuiteRunner.java:364)\r\n\tat org.testng.SuiteRunnerWorker.runSuite(SuiteRunnerWorker.java:52)\r\n\tat org.testng.SuiteRunnerWorker.run(SuiteRunnerWorker.java:84)\r\n\tat org.testng.TestNG.runSuitesSequentially(TestNG.java:1208)\r\n\tat org.testng.TestNG.runSuitesLocally(TestNG.java:1137)\r\n\tat org.testng.TestNG.runSuites(TestNG.java:1049)\r\n\tat org.testng.TestNG.run(TestNG.java:1017)\r\n\tat org.apache.maven.surefire.testng.TestNGExecutor.run(TestNGExecutor.java:283)\r\n\tat org.apache.maven.surefire.testng.TestNGXmlTestSuite.execute(TestNGXmlTestSuite.java:75)\r\n\tat org.apache.maven.surefire.testng.TestNGProvider.invoke(TestNGProvider.java:120)\r\n\tat org.apache.maven.surefire.booter.ForkedBooter.runSuitesInProcess(ForkedBooter.java:377)\r\n\tat org.apache.maven.surefire.booter.ForkedBooter.execute(ForkedBooter.java:138)\r\n\tat org.apache.maven.surefire.booter.ForkedBooter.run(ForkedBooter.java:465)\r\n\tat org.apache.maven.surefire.booter.ForkedBooter.main(ForkedBooter.java:451)\r\nCaused by: java.net.URISyntaxException: Illegal character in path at index 18: https://reqres.in/{mpath1}/users?page=2\r\n\tat java.net.URI$Parser.fail(URI.java:2848)\r\n\tat java.net.URI$Parser.checkChars(URI.java:3021)\r\n\tat java.net.URI$Parser.parseHierarchical(URI.java:3105)\r\n\tat java.net.URI$Parser.parse(URI.java:3053)\r\n\tat java.net.URI.<init>(URI.java:588)\r\n\tat java.net.URI.create(URI.java:850)\r\n\t... 33 more\r\n"},"stage":"finished","steps":[],"attachments":[],"parameters":[],"start":1575910412497,"stop":1575910414248,"uuid":"8a9b80ee-c1fe-4337-bb75-e275969a7b68","historyId":"299334b7fae10ec7f33238ad756451ab","fullName":"com.github.fullautomation.apitest.ApiClientTest.testPost","labels":[{"name":"package","value":"com.github.fullautomation.apitest.ApiClientTest"},{"name":"testClass","value":"com.github.fullautomation.apitest.ApiClientTest"},{"name":"testMethod","value":"testPost"},{"name":"parentSuite","value":"TestNGXMLTest Test Suite"},{"name":"suite","value":"TestNGXMLTest Test"},{"name":"subSuite","value":"com.github.fullautomation.apitest.ApiClientTest"},{"name":"host","value":"dsr-PC"},{"name":"thread","value":"5136@dsr-PC.main(1)"}],"links":[]}